CircleParticle.obj : error LNK2019: unresolved external symbol "__declspec(dllimport) public: void __thiscall sf::Transformable::setPosition(class sf::Vector2<float> const &)" (__imp_?setPosition@Transformable@sf@@QAEXABV?$Vector2@M@2@@Z) referenced in function "public: __thiscall CircleParticle::CircleParticle(class sf::Vector2<float> const &,class sf::Vector2<float> const &,float,int)" (??0CircleParticle@@QAE@ABV?$Vector2@M@sf@@0MH@Z)
ShapeParticle.obj : error LNK2001: unresolved external symbol "__declspec(dllimport) public: void __thiscall sf::Transformable::setPosition(class sf::Vector2<float> const &)" (__imp_?setPosition@Transformable@sf@@QAEXABV?$Vector2@M@2@@Z)
CircleParticle.obj : error LNK2019: unresolved external symbol "__declspec(dllimport) public: void __thiscall sf::Shape::setFillColor(class sf::Color const &)" (__imp_?setFillColor@Shape@sf@@QAEXABVColor@2@@Z) referenced in function "public: __thiscall CircleParticle::CircleParticle(class sf::Vector2<float> const &,class sf::Vector2<float> const &,float,int)" (??0CircleParticle@@QAE@ABV?$Vector2@M@sf@@0MH@Z)
ShapeParticle.obj : error LNK2001: unresolved external symbol "__declspec(dllimport) public: void __thiscall sf::Shape::setFillColor(class sf::Color const &)" (__imp_?setFillColor@Shape@sf@@QAEXABVColor@2@@Z)
CircleParticle.obj : error LNK2019: unresolved external symbol "__declspec(dllimport) public: __thiscall sf::CircleShape::CircleShape(float,unsigned int)" (__imp_??0CircleShape@sf@@QAE@MI@Z) referenced in function "public: __thiscall CircleParticle::CircleParticle(class sf::Vector2<float> const &,class sf::Vector2<float> const &,float,int)" (??0CircleParticle@@QAE@ABV?$Vector2@M@sf@@0MH@Z)
CircleParticle.obj : error LNK2019: unresolved external symbol "__declspec(dllimport) public: void __thiscall sf::CircleShape::setRadius(float)" (__imp_?setRadius@CircleShape@sf@@QAEXM@Z) referenced in function "public: virtual void __thiscall CircleParticle::SetRadius(float)" (?SetRadius@CircleParticle@@UAEXM@Z)
CircleParticle.obj : error LNK2019: unresolved external symbol "__declspec(dllimport) public: float __thiscall sf::CircleShape::getRadius(void)const " (__imp_?getRadius@CircleShape@sf@@QBEMXZ) referenced in function "public: virtual float const __thiscall CircleParticle::GetRadius(void)const " (?GetRadius@CircleParticle@@UBE?BMXZ)
CircleParticle.obj : error LNK2019: unresolved external symbol "__declspec(dllimport) public: virtual __thiscall sf::CircleShape::~CircleShape(void)" (__imp_??1CircleShape@sf@@UAE@XZ) referenced in function "public: virtual void * __thiscall sf::CircleShape::`scalar deleting destructor'(unsigned int)" (??_GCircleShape@sf@@UAEPAXI@Z)
CircleParticle.obj : error LNK2019: unresolved external symbol "__declspec(dllimport) public: void __thiscall sf::RenderTarget::draw(class sf::Drawable const &,class sf::RenderStates const &)" (__imp_?draw@RenderTarget@sf@@QAEXABVDrawable@2@ABVRenderStates@2@@Z) referenced in function "public: virtual void __thiscall CircleParticle::Render(class sf::RenderWindow &)" (?Render@CircleParticle@@UAEXAAVRenderWindow@sf@@@Z)
CircleParticle.obj : error LNK2001: unresolved external symbol "private: virtual void __thiscall sf::Shape::draw(class sf::RenderTarget &,class sf::RenderStates)const " (?draw@Shape@sf@@EBEXAAVRenderTarget@2@VRenderStates@2@@Z)
CircleParticle.obj : error LNK2001: unresolved external symbol "public: virtual unsigned int __thiscall sf::CircleShape::getPointCount(void)const " (?getPointCount@CircleShape@sf@@UBEIXZ)
CircleParticle.obj : error LNK2001: unresolved external symbol "public: virtual class sf::Vector2<float> __thiscall sf::CircleShape::getPoint(unsigned int)const " (?getPoint@CircleShape@sf@@UBE?AV?$Vector2@M@2@I@Z)
CircleParticle.obj : error LNK2019: unresolved external symbol "__declspec(dllimport) public: static class sf::RenderStates const sf::RenderStates::Default" (__imp_?Default@RenderStates@sf@@2V12@B) referenced in function "public: virtual void __thiscall CircleParticle::Render(class sf::RenderWindow &)" (?Render@CircleParticle@@UAEXAAVRenderWindow@sf@@@Z)
Game.obj : error LNK2019: unresolved external symbol "__declspec(dllimport) public: static class sf::Vector2<int> __cdecl sf::Mouse::getPosition(class sf::Window const &)" (__imp_?getPosition@Mouse@sf@@SA?AV?$Vector2@H@2@ABVWindow@2@@Z) referenced in function "public: void __thiscall gm::Game::handleInput(class sf::RenderWindow &)" (?handleInput@Game@gm@@QAEXAAVRenderWindow@sf@@@Z)
Game.obj : error LNK2019: unresolved external symbol "__declspec(dllimport) public: void __thiscall sf::Window::close(void)" (__imp_?close@Window@sf@@QAEXXZ) referenced in function "public: void __thiscall gm::Game::handleInput(class sf::RenderWindow &)" (?handleInput@Game@gm@@QAEXAAVRenderWindow@sf@@@Z)
Game.obj : error LNK2019: unresolved external symbol "__declspec(dllimport) public: bool __thiscall sf::Window::pollEvent(class sf::Event &)" (__imp_?pollEvent@Window@sf@@QAE_NAAVEvent@2@@Z) referenced in function "public: void __thiscall gm::Game::handleInput(class sf::RenderWindow &)" (?handleInput@Game@gm@@QAEXAAVRenderWindow@sf@@@Z)
Game.obj : error LNK2019: unresolved external symbol "__declspec(dllimport) public: void __thiscall sf::Window::display(void)" (__imp_?display@Window@sf@@QAEXXZ) referenced in function "public: void __thiscall gm::Game::render(class sf::RenderWindow &)" (?render@Game@gm@@QAEXAAVRenderWindow@sf@@@Z)
Game.obj : error LNK2019: unresolved external symbol "__declspec(dllimport) public: __thiscall sf::Color::Color(unsigned char,unsigned char,unsigned char,unsigned char)" (__imp_??0Color@sf@@QAE@EEEE@Z) referenced in function "class sf::Color __cdecl gm::hsv(int,float,float)" (?hsv@gm@@YA?AVColor@sf@@HMM@Z)
ShapeParticle.obj : error LNK2001: unresolved external symbol "__declspec(dllimport) public: __thiscall sf::Color::Color(unsigned char,unsigned char,unsigned char,unsigned char)" (__imp_??0Color@sf@@QAE@EEEE@Z)
Game.obj : error LNK2019: unresolved external symbol "__declspec(dllimport) public: void __thiscall sf::RenderTarget::clear(class sf::Color const &)" (__imp_?clear@RenderTarget@sf@@QAEXABVColor@2@@Z) referenced in function "public: void __thiscall gm::Game::render(class sf::RenderWindow &)" (?render@Game@gm@@QAEXAAVRenderWindow@sf@@@Z)
Main.obj : error LNK2019: unresolved external symbol "__declspec(dllimport) public: __thiscall sf::String::String(char const *,class std::locale const &)" (__imp_??0String@sf@@QAE@PBDABVlocale@std@@@Z) referenced in function _main
Main.obj : error LNK2019: unresolved external symbol "__declspec(dllimport) public: __thiscall sf::String::~String(void)" (__imp_??1String@sf@@QAE@XZ) referenced in function _main
Main.obj : error LNK2019: unresolved external symbol "__declspec(dllimport) public: __thiscall sf::VideoMode::VideoMode(unsigned int,unsigned int,unsigned int)" (__imp_??0VideoMode@sf@@QAE@III@Z) referenced in function _main
Main.obj : error LNK2019: unresolved external symbol "__declspec(dllimport) public: bool __thiscall sf::Window::isOpen(void)const " (__imp_?isOpen@Window@sf@@QBE_NXZ) referenced in function _main
Main.obj : error LNK2019: unresolved external symbol "__declspec(dllimport) public: void __thiscall sf::Window::setFramerateLimit(unsigned int)" (__imp_?setFramerateLimit@Window@sf@@QAEXI@Z) referenced in function _main
Main.obj : error LNK2019: unresolved external symbol "__declspec(dllimport) public: __thiscall sf::RenderWindow::RenderWindow(class sf::VideoMode,class sf::String const &,unsigned int,struct sf::ContextSettings const &)" (__imp_??0RenderWindow@sf@@QAE@VVideoMode@1@ABVString@1@IABUContextSettings@1@@Z) referenced in function _main
Main.obj : error LNK2019: unresolved external symbol "__declspec(dllimport) public: virtual __thiscall sf::RenderWindow::~RenderWindow(void)" (__imp_??1RenderWindow@sf@@UAE@XZ) referenced in function _main
ShapeParticle.obj : error LNK2019: unresolved external symbol "__declspec(dllimport) public: void __thiscall sf::Transformable::setPosition(float,float)" (__imp_?setPosition@Transformable@sf@@QAEXMM@Z) referenced in function "public: virtual void __thiscall ShapeParticle::Sleep(void)" (?Sleep@ShapeParticle@@UAEXXZ)
ShapeParticle.obj : error LNK2019: unresolved external symbol "__declspec(dllimport) public: class sf::Vector2<float> const & __thiscall sf::Transformable::getPosition(void)const " (__imp_?getPosition@Transformable@sf@@QBEABV?$Vector2@M@2@XZ) referenced in function "public: virtual class sf::Vector2<float> const & __thiscall ShapeParticle::GetPosition(void)const " (?GetPosition@ShapeParticle@@UBEABV?$Vector2@M@sf@@XZ)
ShapeParticle.obj : error LNK2019: unresolved external symbol "__declspec(dllimport) public: static class sf::Color const sf::Color::White" (__imp_?White@Color@sf@@2V12@B) referenced in function "public: __thiscall ShapeParticle::ShapeParticle(class sf::Vector2<float> const &,class sf::Vector2<float> const &,int)" (??0ShapeParticle@@QAE@ABV?$Vector2@M@sf@@0H@Z)
ShapeParticle.obj : error LNK2019: unresolved external symbol "__declspec(dllimport) public: static class sf::Color const sf::Color::Transparent" (__imp_?Transparent@Color@sf@@2V12@B) referenced in function "public: virtual void __thiscall ShapeParticle::Sleep(void)" (?Sleep@ShapeParticle@@UAEXXZ)
C:\Program Files\SFML-2.5.1\lib\sfml-main-d.lib : warning LNK4272: library machine type 'x64' conflicts with target machine type 'x86'
C:\Program Files\SFML-2.5.1\lib\sfml-system-d.lib : warning LNK4272: library machine type 'x64' conflicts with target machine type 'x86'
C:\Program Files\SFML-2.5.1\lib\sfml-audio-d.lib : warning LNK4272: library machine type 'x64' conflicts with target machine type 'x86'
C:\Program Files\SFML-2.5.1\lib\sfml-window-d.lib : warning LNK4272: library machine type 'x64' conflicts with target machine type 'x86'
C:\Program Files\SFML-2.5.1\lib\sfml-network-d.lib : warning LNK4272: library machine type 'x64' conflicts with target machine type 'x86'
C:\Program Files\SFML-2.5.1\lib\sfml-graphics-d.lib : warning LNK4272: library machine type 'x64' conflicts with target machine type 'x86'
C:\Program Files\SFML-2.5.1\lib\openal32.lib : warning LNK4272: library machine type 'x64' conflicts with target machine type 'x86'
D:\UCSC Courses\GAME 230 Fundamentals of Game Engineering\Repository\GAME230-Assignment3-Xiangyu-Liu-and-Erwang-Li\Debug\Assignment 3.exe : fatal error LNK1120: 28 unresolved externals
